add_annotations_2.4.py on 2018-12-06 14:52:12.737301


START op43n01.mscx
(0, '.A.vii%43')
(1440, 'I6')
(1920, 'V(6#4#2)')
(2400, 'V64')
(2880, 'V(6#4#2)')
(3360, 'V64')
(3840, 'vii%43')
(5280, 'I6')
(5760, '#iv%43')
(7200, 'V6')
(7680, 'V64')
(8640, 'v64(6)')
(9600, 'V7(b9)/V')
(10560, 'V\\\\')
(11520, '.bVII6')
(13440, 'V7/vi')
(13920, 'vi64')
(14400, '#iv%2')
(14880, 'V7/vi')
(15360, 'vi')
(16320, 'vi(#74)')
(17280, 'vi(9)')
(19200, '.bIII6')
(21120, 'V7/ii')
(21600, 'ii64')
(22080, 'vii%2')
(22560, 'V7/ii')
(23040, 'ii')
(24000, 'ii(#74)')
(24960, 'II')
(25920, 'II(#74)')
(26880, 'II(9)')
(28800, 'ii(9)')
(29760, '.bVIIM65(4)')
(30720, 'vii%43')
(32160, 'I6')
(32640, 'V(6#4#2)')
(33120, 'V64')
(33600, 'V(6#4#2)')
(34080, 'V64')
(34560, 'vii%43')
(36000, 'I6')
(36480, '#iv%43')
(37920, 'V6')
(38400, 'vii%43')
(39840, 'I6')
(40320, 'I64')
(41280, 'i64(6)')
(42240, 'V7(b9)')
(43200, 'I\\\\')
(44160, '.bVII6')
(46080, 'V7/vi')
(46560, 'vi64')
(47040, '#iv%2')
(47520, 'V7/vi')
(48000, 'vi')
(48960, 'vi(#74)')
(49920, 'vi(9)')
(51840, '.bIII6')
(53760, 'V7/ii')
(54240, 'ii64')
(54720, 'vii%2')
(55200, 'V7/ii')
(55680, 'ii')
(56640, 'ii(#74)')
(57600, 'II')
(58560, 'II(#74)')
(59520, 'II(9)')
(61440, 'ii(9)')
(62400, '.bVIIM65(4)')
(63360, 'vii%43')
(64800, 'I6')
(65280, 'V(6#4#2)')
(65760, 'V64')
(66240, 'V(6#4#2)')
(66720, 'V64')
(67200, 'vii%43')
(68640, 'I6')
(69120, '#iv%43')
(70560, 'V6')
(71040, 'vii%43')
(72480, 'I6')
(72960, 'I64')
(73920, 'i64(6)')
(74880, 'V7(b9)')
(76800, 'I64')
(77760, 'i64(6)')
(78720, 'V7(b9)')
(79680, 'I\\\\')

START op43n02.mscx
(1200, '.h.i')
(240, 'i7')
(720, 'i64')
(1440, 'i')
(1680, 'i7')
(2160, 'i64')
(2880, 'i')
(3120, 'i6')
(3600, 'i64')
(3840, 'V7')
(4320, 'V7(9)')
(4560, 'i(964)')
(4800, 'i')
(5040, 'i64')
(5280, 'i\\\\')
(5760, 'III')
(6000, 'IIIM2')
(6480, 'III64')
(7200, 'III')
(7440, 'IIIM2')
(7920, 'III64')
(8640, 'III')
(8880, 'III6')
(9360, 'III64')
(9600, 'V7/III')
(10080, 'V7(9)/III')
(10320, 'III(964)')
(10560, 'III')
(10800, 'III64')
(11040, 'III\\\\')
(11760, '#viio65')
(12480, '#viio2/V')
(13200, 'V64')
(13920, 'V')
(14640, '#viio65(#5)')
(15000, '#viio65')
(15360, '#viio2(b8)/V')
(15720, '#viio2/V')
(16080, 'V64')
(16800, 'V')
(17280, 'V7(4)/V')
(17520, 'V')
(18000, 'V64')
(18240, 'V')
(18720, 'V7(4)')
(18960, 'V')
(19440, 'V7(4)')
(19680, 'V')
(20160, 'V7(4)')
(20400, 'V')
(20880, 'i(9#7)')
(21360, 'iv(9#7)')
(21840, '#viio43/iv')
(22320, '#viio2/iv')
(23040, 'VI')
(23280, 'VIM7')
(23760, 'VI64')
(24000, 'VI')
(24480, 'i')
(24720, 'i6')
(25200, 'i64')
(25440, 'V7')
(25920, 'V7(9)')
(26160, 'i(964)')
(26400, 'i')
(26640, 'i64')
(26880, 'i\\\\')
(27600, '#viio65')
(28320, '#viio2/V')
(29040, 'V64')
(29760, 'V')
(30480, '#viio65(#5)')
(30840, '#viio65')
(31200, '#viio2(b8)/V')
(31560, '#viio2/V')
(31920, 'V64')
(32640, 'V')
(33120, 'V7(4)/V')
(33360, 'V')
(33840, 'V64')
(34080, 'V')
(34560, 'V7(4)')
(34800, 'V')
(35280, 'V7(4)')
(35520, 'V')
(36000, 'V7(4)')
(36240, 'V')
(36720, 'i(9#7)')
(37200, 'iv(9#7)')
(37680, '#viio43/iv')
(38160, '#viio2/iv')
(38880, 'VI')
(39120, 'VIM7')
(39600, 'VI64')
(39840, 'VI')
(40320, 'i')
(40560, 'i6')
(41040, 'i64')
(41280, 'V7')
(41760, 'V7(9)')
(42000, 'i(964)')
(42240, 'i')
(42480, 'i64')
(42720, 'i\\\\')

START op43n03.mscx
(0, '.F#.vi')
(1920, 'I')
(2880, 'V')
(3360, 'v')
(3840, 'ii')
(4320, 'IV')
(4800, 'I')
(5280, 'vi7')
(5760, 'V7/V')
(6240, 'V(4)')
(6720, 'V\\\\')
(7680, 'IV')
(9600, 'V2')
(10080, 'I6')
(10560, 'ii7(9)')
(11040, 'ii7')
(11520, 'V43(9)')
(12000, 'I6')
(12480, 'vi7')
(12960, 'V7(9)/V')
(13440, 'V7')
(13920, 'I64')
(14400, 'I\\\\')
(15360, 'V')
(15840, 'ii7(9)')
(16320, 'V')
(17280, 'V')
(17760, 'ii7(9)')
(18240, 'V')
(19200, 'V7')
(19680, 'ii7')
(20160, 'V')
(20640, 'ii7')
(21120, 'V')
(21600, 'ii7(6)')
(21840, 'ii7')
(22560, 'V7(#2)')
(22800, 'V7(6)')
(23040, 'vi')
(24960, 'I')
(25920, 'V')
(26400, 'v')
(26880, 'ii')
(27360, 'IV')
(27840, 'I')
(28320, 'vi7')
(28800, 'V7/V')
(29280, 'V(4)')
(29760, 'V\\\\')
(30720, 'IV')
(32640, 'V2')
(33120, 'I6')
(33600, 'ii7(9)')
(34080, 'ii7')
(34560, 'V43(9)')
(35040, 'I6')
(35520, 'vi7')
(36000, 'V7(9)/V')
(36480, 'V7')
(36960, 'I64')
(37440, 'I\\\\')
(38400, 'V')
(38880, 'ii7(9)')
(39360, 'V')
(40320, 'V')
(40800, 'ii7(9)')
(41280, 'V')
(42240, 'V7')
(42720, 'ii7')
(43200, 'V')
(43680, 'ii7')
(44160, 'V')
(44640, 'ii7(6)')
(44880, 'ii7')
(45600, 'V7(#2)')
(45840, 'V7(6)')
(46080, 'vi')
(48000, 'I')
(48960, 'V')
(49440, 'v')
(49920, 'ii')
(50400, 'IV')
(50880, 'I')
(51360, 'vi7')
(51840, 'V7/V')
(52320, 'V(4)')
(52800, 'V\\\\')
(53760, 'IV')
(55680, 'V2')
(56160, 'I6')
(56640, 'ii7(9)')
(57120, 'ii7')
(57600, 'V43(9)')
(58080, 'I6')
(58560, 'vi7')
(59040, 'V7(9)/V')
(59520, 'V7')
(60000, 'I64')
(60480, 'I\\\\')
(61440, 'V7')
(61920, 'I64')
(62400, 'I\\\\')
(63360, 'V7')
(65280, 'I\\\\')

START op43n04.mscx
Correct 10 to 9
Correct 11 to 10
Correct 12 to 11
Correct 13 to 12
Correct 14 to 13
Correct 15 to 14
Correct 16 to 15
Correct 17 to 16
Correct 18 to 17
Correct 19 to 18
Correct 20 to 19
Correct 21 to 20
Correct 22 to 21
Correct 23 to 22
Correct 24 to 23
Correct 25 to 24
Correct 26 to 25
Correct 27 to 26
Correct 28 to 27
Correct 29 to 28
Correct 31 to 29
Correct 32 to 30
Correct 33 to 31
Correct 34 to 32
Correct 35 to 33
Correct 36 to 34
Correct 37 to 35
Correct 38 to 36
op43n04.mscx => op43n04_repaired.mscx
(1200, '.d.i(6)')
(1440, 'IV(6)')
(2880, 'i(6)')
(3600, 'VI(6)')
(4320, 'i(6)')
(5760, 'III(6)')
(7200, 'v(6)')
(7920, 'v64')
(8880, 'V7(6)/v')
(10320, 'v\\\\')
(11520, 'ii%43(6)')
(16080, 'V')
(18000, 'V6(#9)')
(18240, '#IV6')
(18720, 'IV6(9)')
(18960, '#III6')
(19440, 'III6(9)')
(19680, 'II6')
(20160, 'I6(9)')
(20400, 'III+')
(20880, 'v64')
(21120, 'V65/ii')
(21600, '.Fr6/V')
(21840, 'V6')
(23040, '.Fr6/V')
(23280, 'V6')
(24480, '.Fr6/V')
(24720, 'V6')
(25920, '.Fr6/V')
(26160, 'V6')
(26640, '.Fr6/V')
(26880, 'V6')
(27360, '.Fr6/V')
(27600, 'V6')
(28080, '.Fr6/V')
(28320, 'V6')
(28800, 'i(6)')
(30240, 'IV(6)')
(31680, 'i(6)')
(32400, 'VI(6)')
(33120, 'i(6)')
(34560, '.bI+(6)')
(36000, 'III(6)')
(37680, 'V7(6)')
(39120, 'i\\\\')
(40320, 'v%43(6)')
(46320, 'I')
(49920, 'V7(94)')
(50640, 'I\\\\')

START op43n04_repaired.mscx
(1200, '.d.i(6)')
(1440, 'IV(6)')
(2880, 'i(6)')
(3600, 'VI(6)')
(4320, 'i(6)')
(5760, 'III(6)')
(7200, 'v(6)')
(7920, 'v64')
(8880, 'V7(6)/v')
(10320, 'v\\\\')
(11520, 'ii%43(6)')
(16080, 'V')
(18000, 'V6(#9)')
(18240, '#IV6')
(18720, 'IV6(9)')
(18960, '#III6')
(19440, 'III6(9)')
(19680, 'II6')
(20160, 'I6(9)')
(20400, 'III+')
(20880, 'v64')
(21120, 'V65/ii')
(21600, '.Fr6/V')
(21840, 'V6')
(23040, '.Fr6/V')
(23280, 'V6')
(24480, '.Fr6/V')
(24720, 'V6')
(25920, '.Fr6/V')
(26160, 'V6')
(26640, '.Fr6/V')
(26880, 'V6')
(27360, '.Fr6/V')
(27600, 'V6')
(28080, '.Fr6/V')
(28320, 'V6')
(28800, 'i(6)')
(30240, 'IV(6)')
(31680, 'i(6)')
(32400, 'VI(6)')
(33120, 'i(6)')
(34560, '.bI+(6)')
(36000, 'III(6)')
(37680, 'V7(6)')
(39120, 'i\\\\')
(40320, 'v%43(6)')
(46320, 'I')
(49920, 'V7(94)')
(50640, 'I\\\\')

START op43n05.mscx
(0, '.F.I[I')
(240, 'I(6)')
(480, 'V')
(960, 'I(6)')
(1440, 'V]')
(1920, 'IV')
(2400, 'I6')
(2640, 'IV6(9)')
(2760, 'IV6')
(2880, 'V7(6)')
(3120, 'V7')
(3600, 'V7(6)')
(3840, 'IV6')
(4320, 'V6')
(4560, '#viio65/vi')
(4800, 'vi6(#4)')
(4920, 'vi6')
(5280, 'ii7(4)')
(5520, '.Ger6/iii')
(5760, 'vi64(#4)')
(5880, 'vi64')
(6000, 'vi6(#7)')
(6120, 'vi6')
(6240, 'vi6(9)')
(6480, 'vi7')
(6720, 'V7(4)/V')
(6960, 'V7/V')
(7200, 'V\\\\')
(7440, 'V+')
(7680, 'I[I')
(7920, 'I(6)')
(8160, 'V')
(8640, 'I(6)')
(9120, 'V]')
(9600, 'IV')
(10080, 'I6')
(10320, 'IV6(9)')
(10440, 'IV6')
(10560, 'V7(6)')
(10800, 'V7')
(11280, 'V7(6)')
(11520, 'IV6')
(12000, 'V6')
(12240, '#viio65/vi')
(12480, 'vi6(#4)')
(12600, 'vi6')
(12960, 'ii7(4)')
(13200, '.Ger6/iii')
(13440, 'vi64(#4)')
(13560, 'vi64')
(13680, 'vi6(#7)')
(13800, 'vi6')
(13920, 'vi6(9)')
(14160, 'vi7')
(14400, 'V7(4)/V')
(14640, 'V7/V')
(14880, 'V\\\\')
(15840, 'ii')
(16080, 'ii(#5)')
(16320, 'V7(6)')
(17760, 'ii(6)')
(18000, 'ii7')
(18240, 'V7(6)')
(19200, 'ii')
(19920, 'ii(#4)')
(20160, 'ii')
(20880, '.bII+')
(21120, 'IV6')
(21840, 'IV6(4)')
(22080, 'IV')
(22800, 'vi64')
(23040, '.bVI6')
(23760, '.bVI(4)')
(24000, 'V43/vi')
(24720, 'V43(#7)/vi')
(24960, '.Ger6/vi')
(25680, '.Ger6(4)/vi')
(25920, 'V43/V')
(26760, '.Fr6/V')
(26880, 'I64')
(27360, 'ii7(4)')
(27840, 'V[I64(6)')
(28080, 'IV')
(28200, 'IV(4)]')
(28320, 'ii7(4)')
(28680, 'ii7(64)')
(28800, 'IV')
(29280, 'I6')
(29520, 'IV6(9)')
(29640, 'IV6')
(30000, 'V7(6)')
(30480, 'V7')
(30720, 'vi')
(31200, 'I6')
(31440, 'I6(6)')
(31680, 'vi')
(32160, 'I6(6)')
(32760, 'I64')
(32880, 'V64/iii')
(33000, '.Fr6/iii')
(33120, 'iii')
(33240, 'iii%7')
(33360, 'V7/ii')
(33480, 'ii7(b5)')
(33600, 'V(6)')
(33840, 'V7(6)')
(34080, 'I\\\\')

START op43n06.mscx
(480, '.F#.I')
(5760, 'I64')
(7920, 'vi')
(10080, 'I64')
(10800, 'I6')
(11520, 'IV64')
(12960, 'ii')
(14400, 'I6')
(17280, 'I64')
(18720, 'IM2')
(19200, 'vi')
(19680, 'I64')
(20160, 'vi')
(20880, 'I64')
(21600, 'I6')
(22320, 'I')
(23040, 'IV64')
(24480, 'IVM2')
(24960, 'ii')
(25440, 'IV64')
(25920, 'I6')
(28800, 'I+6')
(30240, 'I+')
(31680, 'vi64')
(33120, 'vi')
(34560, 'I+6')
(36000, 'I+')
(37440, 'vi64')
(40320, '.bVI+64')
(42480, '.bVI64')
(43200, '.bIII')
(44640, 'V64')
(46080, 'II+')
(47520, 'II+(9)')
(48240, 'II+6')
(48960, 'V64')
(50880, 'V')
(51360, 'V(b8)')
(51840, 'V2')
(53760, 'V(6)')
(54240, 'V(b6)-bIII+')
(56160, 'V64')
(57120, 'V(b6)-bIII+')
(57600, 'vi64')
(59040, 'vi2')
(59520, 'vi(#6)')
(60000, 'vi64')
(60480, 'V')
(63360, 'V7')
(66240, 'viio2')
(67680, 'V7')
(69120, 'iio64')
(72000, 'V7')
(74880, 'viio7')
(77760, 'ii%2')
(79200, 'viio7')
(80640, 'iv64')
(83520, 'ivo64')
(86880, 'iv64')
(87840, 'ivo64')
(89760, 'iv64')
(90720, 'ivo64')
(92640, '.bvio(6)')
(93600, '.bvio64')
(95520, '.bvio(6)')
(96480, '.bvio64')
(97920, 'V(b3)')
(98880, 'viio43')
(99840, 'V(b3)')
(100800, 'viio43')
(101760, 'V(b3)')
(102720, 'viio43')
(103680, 'V')
(109440, 'iv')
(115200, '.bVI64')
(120960, 'ii%7')
(123840, 'V43(#7b5)')
(126240, 'V43(b5)')
(126720, 'I[I')
(129600, 'I(6)')
(132480, 'IV64')
(133920, 'ii')
(135360, 'I]')
(139680, 'IM2')
(140160, 'vi')
(140640, 'I64')
(141120, 'I[I(6)')
(144000, 'IV64]')
(145440, 'IVM2')
(145920, 'ii')
(146400, 'IV64')
(146880, 'I[I')
(149760, 'IM7(#5)')
(152640, 'vi6')
(155520, 'IM7(#5)]')
(158400, 'vi6')
(161280, 'vi6(#6)')
(163680, '.bVI+')
(164160, 'I64(b6)')
(165600, 'I64')
(167040, 'V+')
(168480, 'V+(9)')
(169920, 'I')
(172320, 'IM2')
(172800, 'V7(#4)/IV')
(174720, 'vi')
(175200, '.bVI+')
(175680, 'I64(b6)')
(177120, 'I64')
(178080, 'I+64')
(178560, 'V7(9)')
(180000, 'V7(4)')
(180480, 'V7')
(180960, 'V7(9)')
(181440, 'iv')
(184320, '.bII')
(187200, '.bVII')
(190080, '.bVI')
(192960, 'I')
(201600, 'IV(b7)')
(203040, 'iv7')
(204480, 'I\\\\')
