WARNING  op38n08:annotations -- expand_dcml.py (line 146) expand_labels():
        Phrase beginning and endings don't match:
            mc phraseend    mc phraseend
        0    1         {    10         }
        1   11         {    14         }
        2   15         {    18         }
        3   19         {    31         }
        4   27         {    41         }
        5   33         {    50         }
        6   42         {    58         }
        7   51         {    67         }
        8   59         {    75         }
        9   68         {    84         }
        10  76         {  <NA>       NaN
WARNING  op43n05:annotations -- expand_dcml.py (line 899) features2tpcs():
        MC 27: viio65(4b3) results in a chord tone 3 AND its replacement(s) [7].
WARNING  op47n05:annotations -- expand_dcml.py (line 146) expand_labels():
        Phrase beginning and endings don't match:
             mc phraseend  mc phraseend
        0     1         {   4         }
        1     5         {   8         }
        2     9         {  12         }
        3    13         {  21         }
        4    26         {  22         }
        5    35         {  25         }
        6  <NA>       NaN  34         }
        7  <NA>       NaN  38         }
WARNING  op54n01:annotations -- expand_dcml.py (line 146) expand_labels():
        Phrase beginning and endings don't match:
             mc phraseend  mc phraseend
        0     1         {   9         }
        1     9         {  17         }
        2    18         {  37         }
        3    39         {  47         }
        4    48         {  48         }
        5  <NA>       NaN  61         }
WARNING  op54n03:annotations -- expand_dcml.py (line 146) expand_labels():
        Phrase beginning and endings don't match:
              mc phraseend   mc phraseend
        0      1         {   10         }
        1     11         {   30        }{
        2     30        }{   39         }
        3     40         {   63        }{
        4     63        }{   66         }
        5     71         {   78         }
        6     79         {   86         }
        7     87         {   95         }
        8     97         {  104         }
        9    105         {  112         }
        10   113         {  120         }
        11   124         {  133         }
        12   134         {  153        }{
        13   153        }{  162         }
        14   186        }{  186        }{
        15  <NA>       NaN  189         }
WARNING  op54n05:annotations -- expand_dcml.py (line 146) expand_labels():
        Phrase beginning and endings don't match:
              mc phraseend   mc phraseend
        0      1         {    8         }
        1      9         {   16         }
        2     17         {   44         }
        3     46         {   70         }
        4     71         {   85         }
        5     87         {   94         }
        6     95         {  102         }
        7    103         {  109         }
        8    111         {  117         }
        9    119         {  133         }
        10   135         {  142         }
        11   151         {  150         }
        12   180         {  178         }
        13  <NA>       NaN  204         }
WARNING  op57n03:annotations -- expand_dcml.py (line 146) expand_labels():
        Phrase beginning and endings don't match:
              mc phraseend  mc phraseend
        0      1         {   9         }
        1     10         {  13         }
        2     14         {  17         }
        3     18         {  21         }
        4     22         {  25         }
        5     27         {  31        }{
        6     31        }{  38         }
        7     43         {  42         }
        8     47         {  46         }
        9     51         {  50         }
        10    56         {  54         }
        11    60        }{  60        }{
        12  <NA>       NaN  67         }
WARNING  op57n03:annotations -- expand_dcml.py (line 746) features2tpcs():
        MC 16: #vii in major context corrected to vii.
WARNING  op57n03:annotations -- expand_dcml.py (line 746) features2tpcs():
        MC 12: #vii in major context corrected to vii.
WARNING  op57n03:annotations -- expand_dcml.py (line 746) features2tpcs():
        MC 16: #vii in major context corrected to vii.
WARNING  op57n03:annotations -- expand_dcml.py (line 746) features2tpcs():
        MC 12: #vii in major context corrected to vii.
WARNING  op62n04:annotations -- expand_dcml.py (line 146) expand_labels():
        Phrase beginning and endings don't match:
             mc phraseend  mc phraseend
        0     9         {   8         }
        1    17         {  16         }
        2    33         {  29         }
        3    41         {  40         }
        4    57         {  53         }
        5    65         {  64         }
        6  <NA>       NaN  80         }
WARNING  op62n06:annotations -- expand_dcml.py (line 146) expand_labels():
        Phrase beginning and endings don't match:
              mc phraseend   mc phraseend
        0      1         {   10         }
        1     27        }{   27        }{
        2     53         {   42         }
        3     61         {   59         }
        4     69         {   67         }
        5     81         {   79         }
        6     93         {   91         }
        7     97         {   95         }
        8    107         {  106         }
        9    123        }{  123        }{
        10  <NA>       NaN  138         }
WARNING  op65n02:annotations -- expand_dcml.py (line 899) features2tpcs():
        MC 20: viio65(4b3) results in a chord tone 3 AND its replacement(s) [9].
WARNING  op65n02:annotations -- expand_dcml.py (line 899) features2tpcs():
        MC 12: viio65(4b3) results in a chord tone 3 AND its replacement(s) [9].
WARNING  op68n05:annotations -- expand_dcml.py (line 146) expand_labels():
        Phrase beginning and endings don't match:
             mc phraseend  mc phraseend
        0     1         {   8         }
        1    10         {   9         }
        2    29         {  26         }
        3  <NA>       NaN  40         }
WARNING  op71n01:annotations -- expand_dcml.py (line 146) expand_labels():
        Phrase beginning and endings don't match:
             mc phraseend  mc phraseend
        0     1         {   9         }
        1    10         {  18         }
        2    20         {  19         }
        3    30         {  29         }
        4    38         {  37         }
        5    66         {  62         }
        6    81         {  73         }
        7    89         {  78         }
        8  <NA>       NaN  89         }
        9  <NA>       NaN  97         }
WARNING  op71n05:annotations -- expand_dcml.py (line 146) expand_labels():
        Phrase beginning and endings don't match:
              mc phraseend  mc phraseend
        0      3         {  12         }
        1     13         {  20         }
        2     21         {  28         }
        3     29         {  36         }
        4     37         {  57         }
        5     61         {  68         }
        6     69         {  72         }
        7     73         {  76         }
        8     77         {  80         }
        9     81         {  84         }
        10    90         {  85         }
        11  <NA>       NaN  98         }
ERROR    op71n05:annotations -- expand_dcml.py (line 157) expand_labels():
        propagate_pedal() failed with
        10 organ points started, 11 ended:
              mc pedal  mc pedalend
        0      3     I  12        ]
        1     13   V/V  17        ]
        2     17  V/II  20        ]
        3     29   V/V  36        ]
        4     37     V  45        ]
        5     61     I  68        ]
        6     69    IV  72        ]
        7     73     I  76        ]
        8     77    IV  80        ]
        9     81     I  84        ]
        10  <NA>   NaN  87        ]