Attempting to parse op47n03.mscx
Done parsing op47n03.mscx

The following chords could not be parsed:
    mc  mn onset       label
ix                          
21  23  23     0     .bii%65
23  24  24   3/8      .bV(4)
24  25  25     0      .bii%7
25  26  26   3/8  .bii%7(b9)
27  29  29     0      .bii%7
28  30  30   3/8  .bii%7(b9)
30  33  33     0      .bII64
31  33  33   3/8     .bIIM43
32  34  34   3/8      .bII64
60  63  63     0     .bii%65
62  64  64   3/8      .bV(4)
63  65  65     0      .bii%7
64  66  66   3/8  .bii%7(b9)
66  69  69     0      .bii%7
67  70  70   3/8  .bii%7(b9)
69  73  73     0      .bII64
70  73  73   3/8     .bIIM43
71  74  74   3/8      .bII64
92  96  96     0   .bIIM2(4)
93  96  96   3/8      .bIIM2
Failed to expand labels due to syntactic errors:
repl_spec() missing 1 required positional argument: 'special'
