Attempting to parse op54n03.mscx
Done parsing op54n03.mscx

The following chords could not be parsed:
      mc   mn onset       label
18    13   13   1/8      .bIIM7
21    15   15     0      .bIIM7
23    17   17     0      .bIIM7
25    18   18   1/4      .bIIM7
27    19   19   1/4      .bIIM7
29    20   20   1/4      .bIIM7
31    21   21   1/4      .bIIM7
47    29   29   1/4     .Fr6/iv
73    46   46     0       .bII6
87    54   54     0       .bII6
90    56   56     0  .bIIM7(+4)
92    58   58     0  .bIIM7(+4)
94    59   59   1/4  .bIIM7(+4)
96    60   60   1/4  .bIIM7(+4)
98    61   61   1/4  .bIIM7(+4)
100   62   62   1/4  .bIIM7(+4)
200  136  136   1/8      .bIIM7
203  138  138     0      .bIIM7
205  140  140     0      .bIIM7
207  141  141   1/4      .bIIM7
209  142  142   1/4      .bIIM7
211  143  143   1/4      .bIIM7
213  144  144   1/4      .bIIM7
229  152  152   1/4     .Fr6/iv
255  169  169     0       .bII6
269  177  177     0       .bII6
272  179  179     0   .bIIM7(4)
274  181  181     0   .bIIM7(4)
276  182  182   1/4  .bIIM7(+4)
278  183  183   1/4  .bIIM7(+4)
280  184  184   1/4  .bIIM7(+4)
282  185  185   1/4  .bIIM7(+4)
Failed to expand labels due to syntactic errors:
repl_spec() missing 1 required positional argument: 'special'
