Attempting to parse op54n05.mscx
Done parsing op54n05.mscx

The following chords could not be parsed:
      mc   mn onset      label
13    23   23     0       .bii
14    24   24     0  .bii(+b6)
18    31   31     0       .biv
19    32   32     0  .biv(+b6)
64   103  103     0      .bIII
65   104  104     0    .bIIIM2
67   106  106     0    .bIIIM2
72   111  111     0      .bIII
73   112  112     0    .bIIIM2
75   114  114     0    .bIIIM2
108  157  157     0       .bii
109  158  158     0   .bii(+6)
113  165  165     0       .biv
114  166  166     0   .biv(+6)
Failed to expand labels due to syntactic errors:
repl_spec() missing 1 required positional argument: 'special'
