Attempting to parse op57n01.mscx
Done parsing op57n01.mscx

The following chords could not be parsed:
      mc   mn onset    label
30    14   12   1/2    .bi64
35    18   16     0    .bII6
45    22   20   1/2     .It6
47    23   21   1/2     .It6
48    24   22     0    .Ger6
73    35   33     0   .bii43
74    37   35     0    .bIV6
75    37   35   1/4    .bvi6
77    38   36     0     .bV6
107   48   45   1/2    .bII6
108   49   46     0     .Fr6
158   70   66     0    .bIV6
159   70   66   1/4  .bvii%7
160   70   66   1/2   .bIV64
163   72   68     0   .bIII6
165   72   68   1/2     .bV6
167   73   69   1/4   .bVII6
169   74   70     0    .bII6
172   75   71   1/2  .bI.I[I
205   88   84     0    .bIV6
206   88   84   1/4  .bvii%7
207   88   84   1/2   .bIV64
210   90   86     0   .bIII6
212   90   86   1/2     .bV6
214   91   87   1/4   .bVII6
216   92   88     0    .bII6
219   93   89   1/2  .bI.I[I
276  117  111   1/2    .bi64
281  121  115     0    .bII6
291  125  119   1/2     .It6
293  126  120   1/2     .It6
294  127  121     0    .Ger6
319  138  132     0   .bii43
320  140  134     0    .bIV6
321  140  134   1/4    .bvi6
323  141  135     0     .bV6
353  151  144   1/2    .bII6
354  152  145     0     .Fr6
Failed to expand labels due to syntactic errors:
repl_spec() missing 1 required positional argument: 'special'
