Attempting to parse op62n02.mscx
Done parsing op62n02.mscx

The following chords could not be parsed:
     mc  mn onset     label
ix                         
67   30  29     0  .bIIIM65
70   33  32     0       .bV
72   35  34     0  .bvii%43
73   36  35     0   .Ger6/V
87   41  40   1/4   .bVIIM2
114  55  54     0  .bIIIM65
117  58  57     0       .bV
119  60  59     0  .bvii%43
120  61  60     0   .Ger6/V
134  66  65   1/4   .bVIIM2
163  79  78     0      .bII
164  79  78   1/2  .Ger6/IV
165  79  78   3/4     .bVII
Failed to expand labels due to syntactic errors:
repl_spec() missing 1 required positional argument: 'special'
