Attempting to parse op62n06.mscx
Done parsing op62n06.mscx

The following chords could not be parsed:
      mc   mn onset        label
11    15   15     0      .bVII64
12    17   17     0        .bVII
13    17   17   1/4  .bVII(#119)
14    18   18     0        .bVII
15    19   19     0       .bII64
16    20   20     0         .bII
17    20   20   1/4         .bvi
18    21   21     0       .bII64
20    22   22   1/4         .bvi
28    30   30     0   .bVII[bVII
31    34   34     0         .bVI
33    36   36     0         .bVI
35    38   38     0         .bVI
37    39   39     0         .bVI
39    40   40     0         .bVI
119  111  111     0      .bVII64
120  113  113     0        .bVII
121  113  113   1/4  .bVII(#119)
122  114  114     0        .bVII
123  115  115     0       .bII64
124  116  116     0         .bII
125  116  116   1/4         .bvi
126  117  117     0       .bII64
128  118  118   1/4         .bvi
136  126  126     0   .bVII[bVII
139  130  130     0         .bVI
141  132  132     0         .bVI
143  134  134     0         .bVI
145  135  135     0         .bVI
147  136  136     0         .bVI
Failed to expand labels due to syntactic errors:
repl_spec() missing 1 required positional argument: 'special'
