Attempting to parse op62n05.mscx
Done parsing op62n05.mscx

The following chords could not be parsed:
    mc  mn onset        label
ix                           
1    6   6     0      .bI7(4)
2    7   7   3/8    .bI7(+64)
3    8   8   3/8      .bI7(4)
4    9   9   3/8         .bI7
5   10  10     0     .bi(+#6)
6   14  14     0    .bVII7(4)
7   15  15   3/8  .bVII7(+64)
8   16  16   3/8    .bVII7(4)
9   17  17   3/8       .bVII7
10  18  18     0    .bVII2(9)
14  23  23     0        .bIII
18  30  30     0      .bI7(4)
19  31  31   3/8    .bI7(+64)
20  32  32   3/8      .bI7(4)
21  33  33   3/8         .bI7
22  34  34     0     .bi(+#6)
23  38  38     0    .bVII7(4)
24  39  39   3/8  .bVII7(+64)
25  40  40   3/8    .bVII7(4)
26  41  41   3/8       .bVII7
27  42  42     0    .bVII2(9)
30  46  46     0       .bIII+
34  50  50     0      .bIII64
39  55  55     0        .bIII
Failed to expand labels due to syntactic errors:
repl_spec() missing 1 required positional argument: 'special'
