Attempting to parse op68n06.mscx
Done parsing op68n06.mscx

The following chords could not be parsed:
      mc   mn onset      label
22    21   21     0    .bII6\\
65    70   70     0  .bII6(b6)
66    70   70   1/2      .bII6
67    72   72     0   .bII6(6)
68    72   72   1/2      .bII6
69    74   74     0   .bII6(6)
70    74   74   1/2    .bII6\\
91    93   93     0    .bII6\\
134  142  142     0  .bII6(b6)
135  142  142   1/2      .bII6
136  144  144     0   .bII6(6)
137  144  144   1/2      .bII6
138  146  146     0   .bII6(6)
139  146  146   1/2    .bII6\\
160  165  165     0    .bII6\\
178  182  182     0   .Ger6/iv
181  186  186     0   .Ger6/iv
Failed to expand labels due to syntactic errors:
repl_spec() missing 1 required positional argument: 'special'
