Attempting to parse op71n06.mscx
Done parsing op71n06.mscx

The following chords could not be parsed:
     mc  mn onset      label
2     2   1   1/4     .bII64
4     2   1   3/4       .bI6
6     3   2   1/4   .Ger6/iv
20    6   5   1/4      .bV64
22    6   5   3/4      .bIV6
23    7   6     0     .bii%7
24    7   6   1/4  .Ger6/VII
46   13  11   1/2       .bV6
63   17  15   1/2      .bII6
96   25  23   1/4      .bV64
98   25  23   3/4      .bIV6
99   26  24     0     .bii%7
100  26  24   1/4  .Ger6/VII
112  28  26   3/4       .bII
114  29  27   1/4      .bI64
116  29  27   3/4     .bVII6
117  30  28     0      .bv%7
118  30  28   1/4  .Ger6/III
Failed to expand labels due to syntactic errors:
repl_spec() missing 1 required positional argument: 'special'
