Warnings encountered during the last execution of ms3 review (v1.0.2)
=====================================================================

DCML_PHRASE_INCONGRUENCY_WARNING (16,) ms3.Parse.grieg_lyrical_pieces.op38n01 -- /usr/local/lib/python3.10/site-packages/ms3/utils.py (line 4911) check_phrase_annotations():
	Phrase beginning and endings don't match:
	mn_playthrough phraseend mn_playthrough phraseend
	            1a         {            16a         }
	           17a         {            32a         }
	           33a         {            39a         }
	           41a         {            47a         }
	           51a         {            70a         }
	           NaN       NaN            71a         }
	           NaN       NaN            86a         }
DCML_PHRASE_INCONGRUENCY_WARNING (16,) ms3.Parse.grieg_lyrical_pieces.op38n05 -- /usr/local/lib/python3.10/site-packages/ms3/utils.py (line 4911) check_phrase_annotations():
	Phrase beginning and endings don't match:
	mn_playthrough phraseend mn_playthrough phraseend
	            1a         {             6a         }
	            7a         {            10a         }
	           11a         {            18a         }
	           19a         {            26a         }
	           27a         {             6b         }
	            1b         {            10b         }
	            7b         {            18b         }
	           11b         {            26b         }
	           19b         {            40a         }
	           27b         {            NaN       NaN
DCML_PHRASE_INCONGRUENCY_WARNING (16,) ms3.Parse.grieg_lyrical_pieces.op43n06 -- /usr/local/lib/python3.10/site-packages/ms3/utils.py (line 4911) check_phrase_annotations():
	Phrase beginning and endings don't match:
	mn_playthrough phraseend mn_playthrough phraseend
	            1a         {            22a         }
	           23a         {            22b         }
	           45a         {            44a         }
	           NaN       NaN            72a         }
WARNING  ms3.Parse.grieg_lyrical_pieces.op47n01 -- /usr/local/lib/python3.10/site-packages/ms3/utils.py (line 3969) features2tpcs():
	MC 125: #vii in major context corrected to vii.
DCML_PHRASE_INCONGRUENCY_WARNING (16,) ms3.Parse.grieg_lyrical_pieces.op47n01 -- /usr/local/lib/python3.10/site-packages/ms3/utils.py (line 4911) check_phrase_annotations():
	Phrase beginning and endings don't match:
	mn_playthrough phraseend mn_playthrough phraseend
	            1a         {             9a         }
	           11a         {            17a         }
	           19a         {            39a         }
	           43a         {            49a         }
	           51a         {            57a         }
	           73a         {            79a         }
	           81a         {            87a         }
	           89a         {           109a         }
	          113a         {           119a         }
	          121a         {           149a         }
	          143a         {           157a         }
	          151a         {           179a         }
	          159a         {            NaN       NaN
DCML_HARMONY_INCOMPLETE_PEDAL_COLUMN_WARNING (13,) ms3.Parse.grieg_lyrical_pieces.op47n05 -- /usr/local/lib/python3.10/site-packages/ms3/expand_dcml.py (line 145) expand_labels():
	propagate_pedal() failed with
	5 organ points started, 3 ended:
	   mc pedal    mc pedalend
	0   5     i    12        ]
	1  13     V    25        ]
	2  22     i    38        ]
	3  26     V  <NA>      NaN
	4  35     i  <NA>      NaN
DCML_PHRASE_INCONGRUENCY_WARNING (16,) ms3.Parse.grieg_lyrical_pieces.op57n01 -- /usr/local/lib/python3.10/site-packages/ms3/utils.py (line 4911) check_phrase_annotations():
	Phrase beginning and endings don't match:
	mn_playthrough phraseend mn_playthrough phraseend
	            0a         {             4a         }
	            4a         {             8a         }
	            8a         {            23a         }
	           24a         {            28a         }
	           28a         {            43a         }
	           43a         {            47a         }
	           47a         {            55a         }
	           51a         {            59a         }
	           55a         {            63a         }
	           59a         {            70a         }
	           63a         {            73a         }
	           71a         {            81a         }
	           73a         {            88a         }
	           81a         {            91a         }
	           89a         {            99a         }
	           91a         {           103a         }
	           99a         {           107a         }
	          103a         {           122a         }
	          107a         {           127a         }
	          123a         {           142a         }
	          127a         {           146a         }
	          142a         {            NaN       NaN
DCML_PHRASE_INCONGRUENCY_WARNING (16,) ms3.Parse.grieg_lyrical_pieces.op57n02 -- /usr/local/lib/python3.10/site-packages/ms3/utils.py (line 4911) check_phrase_annotations():
	Phrase beginning and endings don't match:
	mn_playthrough phraseend mn_playthrough phraseend
	            1a         {             4a         }
	            5a         {             8a         }
	            9a         {            12a         }
	           13a         {            16a         }
	           17a         {            46a         }
	           50a         {            53a         }
	           54a         {            57a         }
	           58a         {            61a         }
	           66a         {            65a         }
	           99a         {            95a         }
	          113a        }{           113a        }{
	           NaN       NaN           123a         }
DCML_HARMONY_INCOMPLETE_PEDAL_COLUMN_WARNING (13,) ms3.Parse.grieg_lyrical_pieces.op57n06 -- /usr/local/lib/python3.10/site-packages/ms3/expand_dcml.py (line 145) expand_labels():
	propagate_pedal() failed with
	1 organ points started, 2 ended:
	     mc pedal  mc pedalend
	0    51     I  62        ]
	1  <NA>   NaN  68        ]
DCML_PHRASE_INCONGRUENCY_WARNING (16,) ms3.Parse.grieg_lyrical_pieces.op62n04 -- /usr/local/lib/python3.10/site-packages/ms3/utils.py (line 4911) check_phrase_annotations():
	Phrase beginning and endings don't match:
	mn_playthrough phraseend mn_playthrough phraseend
	            9a         {             8a         }
	           17a         {            16a         }
	           33a         {            29a         }
	           41a         {            40a         }
	           57a         {            53a         }
	           65a         {            64a         }
	           NaN       NaN            80a         }
DCML_PHRASE_INCONGRUENCY_WARNING (16,) ms3.Parse.grieg_lyrical_pieces.op65n01 -- /usr/local/lib/python3.10/site-packages/ms3/utils.py (line 4911) check_phrase_annotations():
	Phrase beginning and endings don't match:
	mn_playthrough phraseend mn_playthrough phraseend
	            1a         {             8a         }
	            9a         {            16a         }
	           17a         {            32a         }
	           33a         {            40a         }
	           41a         {            48a         }
	           50a         {            57a         }
	           59a         {            64a         }
	           65a         {            68a         }
	           69a         {            72a         }
	           73a         {            76a         }
	           77a         {            82a         }
	           83a         {            88a         }
	           89a         {            94a         }
	           95a         {           100a         }
	           65b         {            64b         }
	           69b         {            68b         }
	           73b         {            72b         }
	           77b         {            76b         }
	           83b         {            82b         }
	           89b         {            88b         }
	           95b         {            94b         }
	          101a         {           100b         }
	          107a         {           105a         }
	          115a         {           114a         }
	          123a         {           122a         }
	          139a         {           138a         }
	          147a         {           146a         }
	          156a         {           154a         }
	          170a         {           166a         }
	           NaN       NaN           173a         }
DCML_HARMONY_INCOMPLETE_PEDAL_COLUMN_WARNING (13,) ms3.Parse.grieg_lyrical_pieces.op65n06 -- /usr/local/lib/python3.10/site-packages/ms3/expand_dcml.py (line 145) expand_labels():
	propagate_pedal() failed with
	3 organ points started, 5 ended:
	     mc pedal   mc pedalend
	0    57     I   39        ]
	1    91     I   63        ]
	2   163     V   95        ]
	3  <NA>   NaN  145        ]
	4  <NA>   NaN  173        ]
DCML_PHRASE_INCONGRUENCY_WARNING (16,) ms3.Parse.grieg_lyrical_pieces.op65n06 -- /usr/local/lib/python3.10/site-packages/ms3/utils.py (line 4911) check_phrase_annotations():
	Phrase beginning and endings don't match:
	mn_playthrough phraseend mn_playthrough phraseend
	            1a         {             6a         }
	            6a         {            10a         }
	           10a         {            16a         }
	           21a         {            20a         }
	           26a         {            26a         }
	           31a         {            31a         }
	           48a         {            48a         }
	           52a         {            52a         }
	           57a         {            56a         }
	           67a         {            66a         }
	           75a         {            74a         }
	           83a         {            82a         }
	           91a         {            89a         }
	           99a         {            98a         }
	           75b         {           106a         }
	           83b         {            82b         }
	           91b         {            89b         }
	           99b         {            98b         }
	          107a         {           106b         }
	          112a         {           112a         }
	          116a         {           116a         }
	          122a         {           122a         }
	          127a         {           126a         }
	          132a         {           132a         }
	          137a         {           137a         }
	          154a         {           154a         }
	          163a         {           158a         }
	           NaN       NaN           162a         }
	           NaN       NaN           179a         }
DCML_HARMONY_INCOMPLETE_PEDAL_COLUMN_WARNING (13,) ms3.Parse.grieg_lyrical_pieces.op68n04 -- /usr/local/lib/python3.10/site-packages/ms3/expand_dcml.py (line 145) expand_labels():
	propagate_pedal() failed with
	2 organ points started, 1 ended:
	   mc pedal    mc pedalend
	0  47     i    51        ]
	1  66     V  <NA>      NaN
DCML_HARMONY_INCOMPLETE_PEDAL_COLUMN_WARNING (13,) ms3.Parse.grieg_lyrical_pieces.op71n05 -- /usr/local/lib/python3.10/site-packages/ms3/expand_dcml.py (line 145) expand_labels():
	propagate_pedal() failed with
	10 organ points started, 9 ended:
	   mc pedal    mc pedalend
	0   3     I    12        ]
	1  13     V    20        ]
	2  17     V    36        ]
	3  29     V    45        ]
	4  37     V    68        ]
	5  61     I    72        ]
	6  69     I    76        ]
	7  73     I    80        ]
	8  77     I    84        ]
	9  81     I  <NA>      NaN
Chord labels where the ratio of colored notes vs. all notes in a segment lies above 0.6:
                                            mc   mn mc_onset           label           chord_tones added_tones  n_colored  n_untouched  count_ratio
grieg_lyrical_pieces MS3/op38n01.mscx 84    49   49        0       i.iii/iii          (-5, -8, -4)          ()       21.0          0.0     1.000000
                     MS3/op38n03.mscx 72    40   40      5/6       V7(9)|HC}          (5, 9, 6, 3)        (0,)        3.0          1.0     0.750000
                                      73    41   41        0              I{             (4, 8, 5)          ()        8.0          2.0     0.800000
                                      74    42   42      1/2     viio2(+2)/V         (1, 10, 7, 4)        (5,)        3.0          1.0     0.750000
                                      75    43   43        0               V             (5, 9, 6)          ()        9.0          3.0     0.750000
                                      76    44   44      1/2  #viio2(6+2)/ii         (2, 11, 8, 7)        (6,)        2.0          1.0     0.666667
                                      77    44   44      5/8   #viio2(+2)/ii         (2, 11, 8, 5)        (6,)        3.0          0.0     1.000000
                                      78    45   45        0           ii(4)             (6, 5, 7)          ()        3.0          0.0     1.000000
                                      80    45   45      1/2              IV             (3, 7, 4)          ()        3.0          1.0     0.750000
                                      81    45   45  319/480            ii%2          (4, 6, 3, 0)          ()        5.0          0.0     1.000000
                                      82    46   46        0           V7(6)          (5, 9, 1, 3)          ()        3.0          1.0     0.750000
                                      83    46   46      1/4           V7(9)          (5, 9, 6, 3)        (0,)        2.0          1.0     0.666667
                                      85    47   47        0           I(9)}             (4, 8, 5)        (6,)        3.0          1.0     0.750000
                                      86    47   47      1/4           I|PAC             (4, 8, 5)          ()        6.0          2.0     0.750000
                     MS3/op38n08.mscx 53    21   21      1/2           iv2/v      (-4, -2, -5, -1)          ()        2.0          1.0     0.666667
                     MS3/op43n06.mscx 99    55   55        1        viio2/vi         (-2, 7, 4, 1)          ()        5.0          0.0     1.000000
                     MS3/op47n07.mscx 55    31   31        0          V7/#iv      (12, 16, 13, 10)          ()        7.0          3.0     0.700000
                                      112   70   70        0          V7/#iv      (12, 16, 13, 10)          ()        7.0          3.0     0.700000
                     MS3/op54n05.mscx 13    25   25        0       viio/#VII           (14, 11, 8)          ()       22.0          0.0     1.000000
                                      14    29   29        0      viio7/#VII        (14, 11, 8, 5)          ()       17.0          0.0     1.000000
                                      15    31   31        0         iv/#VII             (8, 5, 9)          ()       15.0          0.0     1.000000
                                      104  159  159        0       viio/#VII           (14, 11, 8)          ()       22.0          0.0     1.000000
                                      105  163  163        0      viio7/#VII        (14, 11, 8, 5)          ()       17.0          0.0     1.000000
                                      106  165  165        0         iv/#VII             (8, 5, 9)          ()       15.0          0.0     1.000000
                     MS3/op57n01.mscx 25    12   10      1/4         IV6(+6)             (5, 2, 1)        (4,)        2.0          1.0     0.666667
                                      26    12   10      1/2             IV6             (5, 2, 1)          ()        4.0          1.0     0.800000
                                      67    34   32        0      vii%2/#VII        (10, 12, 9, 6)          ()       13.0          0.0     1.000000
                                      68    35   33        0       ii43/#VII         (10, 7, 9, 6)          ()       30.0          0.0     1.000000
                                      69    37   35        0        IV6/#VII            (10, 7, 6)          ()       13.0          0.0     1.000000
                                      70    37   35      1/4       I(6)/#VII           (7, 11, 10)          ()       11.0          0.0     1.000000
                                      136   69   65      1/2       V7(9)/VII         (8, 12, 9, 6)       (10,)        5.0          0.0     1.000000
                                      137   70   66        0         IV6/VII            (10, 7, 6)          ()        5.0          0.0     1.000000
                                      138   70   66      1/4       vii%7/VII        (12, 9, 6, 10)          ()        5.0          0.0     1.000000
                                      139   70   66      1/2        IV64/VII            (7, 6, 10)          ()        5.0          0.0     1.000000
                                      149   74   70      1/4       V7(9)/VII         (8, 12, 9, 6)       (10,)        5.0          0.0     1.000000
                                      150   74   70      1/2     viio65/VII}         (9, 6, 3, 12)          ()        4.0          1.0     0.800000
                                      151   75   71      1/2        VII.I[I{             (0, 4, 1)          ()        6.0          0.0     1.000000
                                      152   76   72        0           V7(9)         (1, 5, 2, -1)        (3,)       13.0          1.0     0.928571
                                      153   77   73        0             I]}             (0, 4, 1)          ()        8.0          0.0     1.000000
                                      178   87   83      1/2       V7(9)/VII         (8, 12, 9, 6)       (10,)        5.0          0.0     1.000000
                                      179   88   84        0         IV6/VII            (10, 7, 6)          ()        5.0          0.0     1.000000
                                      180   88   84      1/4       vii%7/VII        (12, 9, 6, 10)          ()        5.0          0.0     1.000000
                                      181   88   84      1/2        IV64/VII            (7, 6, 10)          ()        5.0          0.0     1.000000
                                      191   92   88      1/4       V7(9)/VII         (8, 12, 9, 6)       (10,)        5.0          0.0     1.000000
                                      192   92   88      1/2     viio65/VII}         (9, 6, 3, 12)          ()        4.0          1.0     0.800000
                                      193   93   89      1/2        VII.I[I{             (0, 4, 1)          ()        6.0          0.0     1.000000
                                      194   94   90        0           V7(9)         (1, 5, 2, -1)        (3,)       13.0          1.0     0.928571
                                      195   95   91        0             I]}             (0, 4, 1)          ()        8.0          0.0     1.000000
                                      240  115  109      1/4         IV6(+6)             (5, 2, 1)        (4,)        2.0          1.0     0.666667
                                      241  115  109      1/2             IV6             (5, 2, 1)          ()        4.0          1.0     0.800000
                                      282  137  131        0      vii%2/#VII        (10, 12, 9, 6)          ()       13.0          0.0     1.000000
                                      283  138  132        0       ii43/#VII         (10, 7, 9, 6)          ()       30.0          0.0     1.000000
                                      284  140  134        0        IV6/#VII            (10, 7, 6)          ()       13.0          0.0     1.000000
                                      285  140  134      1/4       I(6)/#VII           (7, 11, 10)          ()       11.0          0.0     1.000000
                     MS3/op57n02.mscx 50    33   33      1/2           V(b6)             (4, 8, 0)          ()        2.0          1.0     0.666667
                                      51    33   33      3/4       V(64)/III            (8, 7, 11)          ()       17.0          0.0     1.000000
                                      52    34   34      3/4     V(b6+4)/III            (8, 12, 4)        (7,)       13.0          0.0     1.000000
                                      53    35   35      1/2       V(b6)/III            (8, 12, 4)          ()        3.0          0.0     1.000000
                                      55    36   36      3/4    V(b6+4)/bIII            (1, 5, -3)        (0,)       12.0          1.0     0.923077
                                      56    37   37      1/2      V(b6)/bIII            (1, 5, -3)          ()        3.0          0.0     1.000000
                                      57    37   37      3/4        V(64)/II             (6, 5, 9)          ()       17.0          0.0     1.000000
                                      58    38   38      3/4      V(b6+4)/II            (6, 10, 2)        (5,)       13.0          0.0     1.000000
                                      59    39   39      1/2        V(b6)/II            (6, 10, 2)          ()        3.0          0.0     1.000000
                                      115   82   82      1/2           V(b6)             (4, 8, 0)          ()        2.0          1.0     0.666667
                                      116   82   82      3/4       V(64)/III            (8, 7, 11)          ()       17.0          0.0     1.000000
                                      117   83   83      3/4     V(b6+4)/III            (8, 12, 4)        (7,)       13.0          0.0     1.000000
                                      118   84   84      1/2       V(b6)/III            (8, 12, 4)          ()        3.0          0.0     1.000000
                                      120   85   85      3/4    V(b6+4)/bIII            (1, 5, -3)        (0,)       12.0          1.0     0.923077
                                      121   86   86      1/2       V(b6)/III            (8, 12, 4)          ()        3.0          0.0     1.000000
                                      122   86   86      3/4        V(64)/II             (6, 5, 9)          ()       17.0          0.0     1.000000
                                      123   87   87      3/4      V(b6+4)/II            (6, 10, 2)        (5,)       13.0          0.0     1.000000
                                      124   88   88      1/2        V(b6)/II            (6, 10, 2)          ()        3.0          0.0     1.000000
                     MS3/op57n03.mscx 5      3    3        0        V(6)/III             (1, 5, 4)          ()        4.0          2.0     0.666667
                                      6      3    3      1/4          V7/III         (1, 5, 2, -1)          ()        4.0          1.0     0.800000
                                      71    27   27      3/8      vii%43/#VI         (5, 9, 11, 8)          ()        6.0          0.0     1.000000
                                      72    28   28        0           #VI+6           (10, 14, 6)          ()        4.0          2.0     0.666667
                                      82    32   32        0        V(6)/III             (1, 5, 4)          ()        4.0          2.0     0.666667
                                      83    32   32      1/4          V7/III         (1, 5, 2, -1)          ()        4.0          1.0     0.800000
                                      148   56   56      3/8      vii%43/#VI         (5, 9, 11, 8)          ()        6.0          0.0     1.000000
                                      149   57   57        0           #VI+6           (10, 14, 6)          ()        4.0          2.0     0.666667
                                      159   61   61        0       V7(6)/III         (1, 5, 4, -1)          ()        4.0          2.0     0.666667
                                      160   61   61      1/4          V7/III         (1, 5, 2, -1)          ()        4.0          1.0     0.800000
                     MS3/op57n05.mscx 0      1    1      1/8            C.V{             (1, 5, 2)          ()        4.0          1.0     0.800000
                                      72    58   58        0       ii%65/bII      (-6, -9, -5, -3)          ()       11.0          0.0     1.000000
                                      73    59   59        0        V(4)/bII          (-4, -5, -3)          ()       11.0          0.0     1.000000
                                      74    60   60        0       ii%43/bII      (-9, -5, -3, -6)          ()       20.0          0.0     1.000000
                                      128  110  110        0       ii%65/bII      (-6, -9, -5, -3)          ()       11.0          0.0     1.000000
                                      129  111  111        0        V(4)/bII          (-4, -5, -3)          ()       11.0          0.0     1.000000
                                      130  112  112        0       ii%43/bII      (-9, -5, -3, -6)          ()       20.0          0.0     1.000000
                     MS3/op62n01.mscx 10    14   13        0             iv6             (2, 6, 5)          ()        7.0          0.0     1.000000
                                      53    56   55        0             iv6             (2, 6, 5)          ()        7.0          0.0     1.000000
                     MS3/op62n04.mscx 26    25   25        0              V7         (6, 10, 7, 4)          ()        8.0          2.0     0.800000
                                      27    25   25      1/4     i64(7)/#vii            (11, 8, 7)          ()       10.0          0.0     1.000000
                                      28    25   25      1/2       viio2/#VI        (4, 13, 10, 7)          ()        8.0          2.0     0.800000
                                      29    26   26        0          V7/#VI        (9, 13, 10, 7)          ()        8.0          2.0     0.800000
                                      31    26   26      1/2       viio2/#IV       (7, 16, 13, 10)          ()        8.0          2.0     0.800000
                                      32    27   27        0          V7/#IV      (12, 16, 13, 10)          ()        8.0          2.0     0.800000
                                      58    49   49        0              V7         (6, 10, 7, 4)          ()        8.0          2.0     0.800000
                                      59    49   49      1/4     i64(7)/#vii            (11, 8, 7)          ()       10.0          0.0     1.000000
                                      60    49   49      1/2       viio2/#VI        (4, 13, 10, 7)          ()        8.0          2.0     0.800000
                                      61    50   50        0          V7/#VI        (9, 13, 10, 7)          ()        8.0          2.0     0.800000
                                      63    50   50      1/2       viio2/#IV       (7, 16, 13, 10)          ()        8.0          2.0     0.800000
                                      64    51   51        0          V7/#IV      (12, 16, 13, 10)          ()        8.0          2.0     0.800000
                     MS3/op62n05.mscx 1      6    6        0       V7(4)/iii          (8, 7, 9, 6)          ()       18.0          0.0     1.000000
                                      2      7    7      3/8     V7(+64)/iii          (8, 7, 9, 6)        (4,)       10.0          0.0     1.000000
                                      3      8    8      3/8       V7(4)/iii          (8, 7, 9, 6)          ()       12.0          0.0     1.000000
                                      4      9    9      3/8          V7/iii         (8, 12, 9, 6)          ()        6.0          0.0     1.000000
                                      5     10   10        0        vii(+#6)             (8, 5, 9)       (11,)       43.0          0.0     1.000000
                                      18    30   30        0       V7(4)/iii          (8, 7, 9, 6)          ()       25.0          0.0     1.000000
                                      19    31   31      3/8     V7(+64)/iii          (8, 7, 9, 6)        (4,)       13.0          0.0     1.000000
                                      20    32   32      3/8       V7(4)/iii          (8, 7, 9, 6)          ()       15.0          0.0     1.000000
                                      21    33   33      3/8          V7/iii         (8, 12, 9, 6)          ()        9.0          0.0     1.000000
                                      22    34   34        0        vii(+#6)             (8, 5, 9)       (11,)       58.0          0.0     1.000000
                     MS3/op65n03.mscx 22    13   13     1/16             V64            (8, 7, 11)          ()        9.0          4.0     0.692308
                     MS3/op65n04.mscx 37    20   20        0       VII.I[I}{            (8, 12, 9)          ()       16.0          0.0     1.000000
                                      38    21   21        0              V7        (9, 13, 10, 7)          ()       16.0          0.0     1.000000
                                      39    22   22        0               I            (8, 12, 9)          ()       17.0          0.0     1.000000
                                      40    23   23        0         V7(139)        (9, 13, 10, 7)    (12, 11)       16.0          0.0     1.000000
                                      41    24   24        0               I            (8, 12, 9)          ()       16.0          0.0     1.000000
                                      81    48   48        0       VII.I[I}{            (8, 12, 9)          ()       16.0          0.0     1.000000
                                      82    49   49        0              V7        (9, 13, 10, 7)          ()       16.0          0.0     1.000000
                                      83    50   50        0               I            (8, 12, 9)          ()       17.0          0.0     1.000000
                                      84    51   51        0         V7(139)        (9, 13, 10, 7)    (12, 11)       16.0          0.0     1.000000
                                      85    52   52        0               I            (8, 12, 9)          ()       16.0          0.0     1.000000
                     MS3/op65n05.mscx 36    15   15      3/4               V             (1, 5, 2)          ()        2.0          1.0     0.666667
                                      89    35   35      3/4          V7/VII        (-1, 3, 0, -3)          ()        2.0          1.0     0.666667
                                      99    39   39      3/4           V7/VI       (-3, 1, -2, -5)          ()        2.0          1.0     0.666667
                                      116   45   45      1/8         iv(+#7)           (-1, -4, 0)        (4,)        2.0          1.0     0.666667
                                      126   47   47      3/4              V7         (1, 5, 2, -1)          ()        2.0          1.0     0.666667
                     MS3/op65n06.mscx 29    24   24        0             V+6            (8, 12, 4)          ()       11.0          7.0     0.611111
                                      96    79   79        0          V43/ii        (10, 7, 9, 13)          ()        5.0          1.0     0.833333
                                      97    80   80        0             V/V            (8, 12, 9)          ()        4.0          1.0     0.800000
                                      99    81   81        0          V7(13)         (7, 11, 8, 5)       (10,)        4.0          2.0     0.666667
                                      101   82   82      1/8           I|PAC            (6, 10, 7)          ()        1.0          0.0     1.000000
                                      104   87   87        0          V43/ii          (6, 3, 5, 9)          ()        4.0          2.0     0.666667
                                      113   96   96        0             vi7          (5, 2, 6, 3)          ()        5.0          2.0     0.714286
                                      114   97   97        0        V7(13)/V          (4, 8, 5, 2)        (7,)        6.0          2.0     0.750000
                                      115   98   98        0           V|HC}             (3, 7, 4)          ()        5.0          3.0     0.625000
                                      118  100  100      3/8            IVM7          (1, 5, 2, 6)          ()        2.0          0.0     1.000000
                                      119  101  101        0            iii7          (6, 3, 7, 4)          ()        6.0          3.0     0.666667
                                      120  102  102        0           iii65          (3, 7, 4, 6)          ()        5.0          3.0     0.625000
                                      121  102  102      3/8            iii7          (6, 3, 7, 4)          ()        2.0          0.0     1.000000
                                      123  104  104        0          ii7(6)          (4, 1, 7, 2)          ()        7.0          1.0     0.875000
                                      125  105  105        0          V7(13)          (3, 7, 4, 1)        (6,)        6.0          2.0     0.750000
                                      127  106  106      1/8           I|PAC             (2, 6, 3)          ()        3.0          1.0     0.750000
                                      158  130  130        0             V+6            (8, 12, 4)          ()       11.0          7.0     0.611111
                     MS3/op68n01.mscx 16     6    6        0            i/ii            (2, -1, 3)          ()        3.0          0.0     1.000000
                     MS3/op68n03.mscx 73    63   63        0       VII.V[I6{            (11, 8, 7)          ()        7.0          0.0     1.000000
                                      74    64   64        0          V+(#7)           (8, 12, 16)       (13,)       17.0          0.0     1.000000
                                      77    67   67        0          V+(#7)           (8, 12, 16)       (13,)        7.0          0.0     1.000000
                                      78    68   68        0         V6/biii             (9, 6, 5)          ()       17.0          0.0     1.000000
                                      79    70   70        0       #viio7/ii        (14, 11, 8, 5)          ()        5.0          0.0     1.000000
                                      80    70   70      1/4           V6/ii          (14, 11, 10)          ()        4.0          0.0     1.000000
                                      84    72   72      1/4           V6/ii          (14, 11, 10)          ()        4.0          0.0     1.000000
                                      85    73   73        0              ii            (9, 6, 10)          ()        5.0          0.0     1.000000
                                      86    73   73      1/4         V6/biii             (9, 6, 5)          ()        4.0          0.0     1.000000
                                      88    74   74      1/4          V6/iii          (16, 13, 12)          ()        4.0          0.0     1.000000
                                      89    75   75        0              I6            (11, 8, 7)          ()       11.0          0.0     1.000000
                                      90    76   76        0          ii7(4)         (9, 8, 10, 7)          ()        5.0          0.0     1.000000
                                      91    76   76      1/4             ii7         (9, 6, 10, 7)          ()       15.0          0.0     1.000000
                                      92    78   78        0          ii7(6)         (9, 6, 12, 7)          ()        5.0          0.0     1.000000
                                      93    78   78      1/4             ii7         (9, 6, 10, 7)          ()       15.0          0.0     1.000000
                                      94    80   80        0              ii            (9, 6, 10)          ()        6.0          0.0     1.000000
                                      95    80   80      1/4             ii7         (9, 6, 10, 7)          ()       14.0          0.0     1.000000
                                      96    82   82        0              ii            (9, 6, 10)          ()        6.0          0.0     1.000000
                                      97    82   82      1/4           ii7]}         (9, 6, 10, 7)          ()        4.0          0.0     1.000000
                     MS3/op68n04.mscx 50    58   58      1/4           i(#4)            (4, 1, 10)          ()        1.0          0.0     1.000000
                     MS3/op68n05.mscx 18     6    6      1/2             vii            (9, 6, 10)          ()        4.0          0.0     1.000000
                     MS3/op68n06.mscx 59    54   54        0         I6/#VI{            (11, 8, 7)          ()       12.0          4.0     0.750000
                                      61    58   58        0       I6(6)/#VI           (11, 10, 7)          ()        4.0          1.0     0.800000
                                      62    58   58      1/2          I6/#VI            (11, 8, 7)          ()        9.0          2.0     0.818182
                                      64    62   62        0     I6(b6)/#VII            (13, 5, 9)          ()        5.0          0.0     1.000000
                                      65    62   62      1/2         I6/#VII           (13, 10, 9)          ()        8.0          3.0     0.727273
                                      67    66   66        0      I6(6)/#VII           (13, 12, 9)          ()        4.0          1.0     0.800000
                                      68    66   66      1/2         I6/#VII           (13, 10, 9)          ()       10.0          1.0     0.909091
                                      69    68   68        0      viio43/bII     (-9, -12, -3, -6)          ()       24.0          0.0     1.000000
                                      71    70   70      1/2          I6/bII          (-4, -7, -8)          ()        6.0          1.0     0.857143
                                      73    72   72      1/2          I6/bII          (-4, -7, -8)          ()        6.0          1.0     0.857143
                                      75    74   74      1/2         I6/bII}          (-4, -7, -8)          ()        7.0          3.0     0.700000
                                      82    84   84        0        V7(9)/iv       (-3, 1, -2, -5)       (-8,)        6.0          1.0     0.857143
                                      83    84   84      1/2           V7/iv       (-3, 1, -2, -5)          ()        9.0          3.0     0.750000
                                      85    86   86      1/2       V7(9)/VII          (3, 7, 4, 1)        (5,)       11.0          5.0     0.687500
                                      86    87   87      1/2          V7/VII          (3, 7, 4, 1)          ()        4.0          2.0     0.666667
                                      88    88   88      1/2       V7(9)/VII          (3, 7, 4, 1)        (5,)       11.0          5.0     0.687500
                                      89    89   89      1/2          V7/VII          (3, 7, 4, 1)          ()        4.0          2.0     0.666667
                                      91    90   90      1/2       V7(9)/VII          (3, 7, 4, 1)        (5,)        8.0          4.0     0.666667
                                      94    92   92        0       VII(1311)             (2, 6, 3)     (-2, 1)        5.0          3.0     0.625000
                                      95    92   92      1/2             VII             (2, 6, 3)          ()        5.0          1.0     0.833333
                                      96    93   93        0           bII6}          (-4, -7, -8)          ()       13.0          3.0     0.812500
                                      107  104  104        0      V7(64)/III          (2, 1, 5, 0)          ()        6.0          1.0     0.857143
                                      108  104  104      1/2       V(64)/III             (2, 1, 5)          ()       16.0          7.0     0.695652
                                      110  107  107      1/4           V(13)           (-2, 2, -1)        (1,)        5.0          3.0     0.625000
                                      111  107  107      5/8              V7       (-2, 2, -1, -4)          ()        4.0          0.0     1.000000
                                      112  108  108        0        i(1311)}          (-3, -6, -2)     (0, -4)        5.0          3.0     0.625000
                                      113  108  108      1/2           i|PAC          (-3, -6, -2)          ()        9.0          3.0     0.750000
                                      133  126  126        0         I6/#VI{            (11, 8, 7)          ()       12.0          4.0     0.750000
                                      135  130  130        0       I6(6)/#VI           (11, 10, 7)          ()        4.0          1.0     0.800000
                                      136  130  130      1/2          I6/#VI            (11, 8, 7)          ()        9.0          2.0     0.818182
                                      138  134  134        0     I6(b6)/#VII            (13, 5, 9)          ()        5.0          0.0     1.000000
                                      139  134  134      1/2         I6/#VII           (13, 10, 9)          ()        8.0          3.0     0.727273
                                      141  138  138        0      I6(6)/#VII           (13, 12, 9)          ()        4.0          1.0     0.800000
                                      142  138  138      1/2         I6/#VII           (13, 10, 9)          ()       10.0          1.0     0.909091
                                      143  140  140        0      viio43/bII     (-9, -12, -3, -6)          ()       24.0          0.0     1.000000
                                      145  142  142      1/2          I6/bII          (-4, -7, -8)          ()        6.0          1.0     0.857143
                                      147  144  144      1/2          I6/bII          (-4, -7, -8)          ()        6.0          1.0     0.857143
                                      149  146  146      1/2         I6/bII}          (-4, -7, -8)          ()        7.0          3.0     0.700000
                                      156  156  156        0        V7(9)/iv       (-3, 1, -2, -5)       (-8,)        6.0          1.0     0.857143
                                      157  156  156      1/2           V7/iv       (-3, 1, -2, -5)          ()        9.0          3.0     0.750000
                                      159  158  158      1/2       V7(9)/VII          (3, 7, 4, 1)        (5,)       11.0          5.0     0.687500
                                      160  159  159      1/2          V7/VII          (3, 7, 4, 1)          ()        4.0          2.0     0.666667
                                      162  160  160      1/2       V7(9)/VII          (3, 7, 4, 1)        (5,)       11.0          5.0     0.687500
                                      163  161  161      1/2          V7/VII          (3, 7, 4, 1)          ()        4.0          2.0     0.666667
                                      165  162  162      1/2       V7(9)/VII          (3, 7, 4, 1)        (5,)        8.0          4.0     0.666667
                                      168  164  164        0       VII(1311)             (2, 6, 3)     (-2, 1)        5.0          3.0     0.625000
                                      169  164  164      1/2             VII             (2, 6, 3)          ()        5.0          1.0     0.833333
                                      170  165  165        0           bII6}          (-4, -7, -8)          ()       13.0          3.0     0.812500
                                      181  176  176        0      V7(64)/III          (2, 1, 5, 0)          ()        6.0          1.0     0.857143
                                      182  176  176      1/2       V(64)/III             (2, 1, 5)          ()       16.0          7.0     0.695652
                                      184  179  179      1/4           V(13)           (-2, 2, -1)        (1,)        6.0          2.0     0.750000
                                      185  179  179      5/8              V7       (-2, 2, -1, -4)          ()        4.0          0.0     1.000000
                                      186  180  180        0      i[i(1311)}          (-3, -6, -2)     (0, -4)        5.0          3.0     0.625000
                                      187  180  180      1/2           i|PAC          (-3, -6, -2)          ()        9.0          3.0     0.750000
                                      188  182  182        0        Ger2/iv{       (-7, 2, -8, -4)          ()       10.0          4.0     0.714286
                                      189  184  184        0            i(6)           (-3, -6, 0)          ()        3.0          1.0     0.750000
                                      190  184  184      1/2               i          (-3, -6, -2)          ()        7.0          2.0     0.777778
                                      191  186  186        0        Ger43/iv       (-4, -7, 2, -8)          ()       12.0          2.0     0.857143
                                      192  188  188        0            i(4)          (-3, -4, -2)          ()        4.0          0.0     1.000000
                                      195  190  190      1/2               i          (-3, -6, -2)          ()        6.0          2.0     0.750000
                                      196  192  192        0          i64(6)           (0, -3, -6)          ()        2.0          1.0     0.666667
                                      197  192  192      1/2               i          (-3, -6, -2)          ()       23.0          9.0     0.718750
                                      198  197  197        0          V7(96)        (-2, 2, 1, -4)        (0,)        9.0          5.0     0.642857
                                      199  200  200        0          i|PAC}          (-3, -6, -2)          ()        8.0          2.0     0.800000
                     MS3/op71n01.mscx 79    38   35        0          vii.i{            (2, -1, 3)          ()        8.0          0.0     1.000000
                                      80    39   36        0              IV             (1, 5, 2)          ()        9.0          0.0     1.000000
                                      81    40   37        0               i            (2, -1, 3)          ()        8.0          0.0     1.000000
                                      82    41   38        0               V             (3, 7, 4)          ()        7.0          0.0     1.000000
                                      83    42   39        0             i/v             (3, 0, 4)          ()        8.0          0.0     1.000000
                                      84    43   40        0            IV/v             (2, 6, 3)          ()        9.0          0.0     1.000000
                                      85    44   41        0             i/v             (3, 0, 4)          ()        8.0          0.0     1.000000
                                      86    45   42        0             V/v             (4, 8, 5)          ()        7.0          0.0     1.000000
                                      87    46   43        0            i/ii             (4, 1, 5)          ()        8.0          0.0     1.000000
                                      88    47   44        0           IV/ii             (3, 7, 4)          ()        9.0          0.0     1.000000
                                      89    48   45        0            i/ii             (4, 1, 5)          ()        8.0          0.0     1.000000
                                      90    49   46        0            V/ii             (5, 9, 6)          ()        7.0          0.0     1.000000
                                      91    50   47        0           i/#vi             (5, 2, 6)          ()        8.0          0.0     1.000000
                                      92    51   48        0          IV/#vi             (4, 8, 5)          ()        9.0          0.0     1.000000
                                      93    52   49        0           i/#vi             (5, 2, 6)          ()        8.0          0.0     1.000000
                                      94    53   50        0          IV/#vi             (4, 8, 5)          ()        9.0          0.0     1.000000
                                      95    54   51        0           i/#vi             (5, 2, 6)          ()        5.0          0.0     1.000000
                                      96    54   51      1/4          IV/#vi             (4, 8, 5)          ()        5.0          0.0     1.000000
                                      97    55   52        0           i/#vi             (5, 2, 6)          ()        5.0          0.0     1.000000
                                      98    55   52      1/4          IV/#vi             (4, 8, 5)          ()        5.0          0.0     1.000000
                                      99    56   53        0           i/#vi             (5, 2, 6)          ()        5.0          0.0     1.000000
                                      100   56   53      1/4          IV/#vi             (4, 8, 5)          ()        5.0          0.0     1.000000
                                      101   57   54        0           i/#vi             (5, 2, 6)          ()        5.0          0.0     1.000000
                                      102   57   54      1/4          IV/#vi             (4, 8, 5)          ()       40.0          0.0     1.000000
                     MS3/op71n02.mscx 22    11   11        0          V7/bII     (-9, -5, -8, -11)          ()        4.0          0.0     1.000000
                                      23    11   11      1/4      V7(94)/bII    (-9, -10, -8, -11)       (-7,)        2.0          0.0     1.000000
                                      24    11   11      1/2         ii7/bII    (-8, -11, -7, -10)          ()        1.0          0.0     1.000000
                                      25    12   12        0          V7/bII     (-9, -5, -8, -11)          ()        8.0          0.0     1.000000
                                      26    12   12      1/4      V7(94)/bII    (-9, -10, -8, -11)       (-7,)        2.0          0.0     1.000000
                                      27    12   12      1/2         ii7/bII    (-8, -11, -7, -10)          ()        1.0          0.0     1.000000
                                      28    12   12      5/8        ii%7/bII   (-8, -11, -14, -10)          ()        1.0          0.0     1.000000
                                      33    14   14        0          V7/bVI     (-8, -4, -7, -10)          ()       19.0          0.0     1.000000
                                      34    15   15      1/4      V7(94)/bVI     (-8, -9, -7, -10)       (-6,)        2.0          0.0     1.000000
                                      35    15   15      1/2         ii7/bVI     (-7, -10, -6, -9)          ()        1.0          0.0     1.000000
                                      36    15   15      5/8        ii%7/bVI    (-7, -10, -13, -9)          ()        1.0          0.0     1.000000
                                      38    17   17        0          V43/bV    (-9, -12, -10, -6)          ()       16.0          0.0     1.000000
                                      68    34   34        0          V7/bII     (-9, -5, -8, -11)          ()        4.0          0.0     1.000000
                                      69    34   34      1/4      V7(94)/bII    (-9, -10, -8, -11)       (-7,)        2.0          0.0     1.000000
                                      70    34   34      1/2         ii7/bII    (-8, -11, -7, -10)          ()        1.0          0.0     1.000000
                                      71    35   35        0          V7/bII     (-9, -5, -8, -11)          ()        8.0          0.0     1.000000
                                      72    35   35      1/4      V7(94)/bII    (-9, -10, -8, -11)       (-7,)        2.0          0.0     1.000000
                                      73    35   35      1/2         ii7/bII    (-8, -11, -7, -10)          ()        1.0          0.0     1.000000
                                      74    35   35      5/8        ii%7/bII   (-8, -11, -14, -10)          ()        1.0          0.0     1.000000
                                      79    37   37        0          V7/bVI     (-8, -4, -7, -10)          ()       19.0          0.0     1.000000
                                      80    38   38      1/4      V7(94)/bVI     (-8, -9, -7, -10)       (-6,)        2.0          0.0     1.000000
                                      81    38   38      1/2         ii7/bVI     (-7, -10, -6, -9)          ()        1.0          0.0     1.000000
                                      82    38   38      5/8        ii%7/bVI    (-7, -10, -13, -9)          ()        1.0          0.0     1.000000
                                      84    40   40        0          V43/bV    (-9, -12, -10, -6)          ()       15.0          1.0     0.937500
                     MS3/op71n03.mscx 16    24   23      3/4            vi%7    (-7, -10, -13, -9)          ()        6.0          2.0     0.750000
                                      20    28   27      3/4        vi%7/iii  (-10, -13, -16, -12)          ()        9.0          2.0     0.818182
                                      22    29   28      3/4          #viio7       (2, -1, -4, -7)          ()        4.0          2.0     0.666667
                                      23    30   29      1/4            V/bv          (-8, -4, -7)          ()        8.0          0.0     1.000000
                                      24    30   29      3/4         vi%7/bv  (-13, -16, -19, -15)          ()        8.0          0.0     1.000000
                                      25    31   30      1/4         #viio65       (-1, -4, -7, 2)          ()        4.0          2.0     0.666667
                                      28    32   31      3/4        vi%7/#vi     (-4, -7, -10, -6)          ()        6.0          2.0     0.750000
                                      34    35   34      3/4         #viio43       (-4, -7, 2, -1)          ()        4.0          2.0     0.666667
                                      35    36   35      1/4            V/bv          (-8, -4, -7)          ()        8.0          0.0     1.000000
                                      67    75   74      1/2              IV           (-4, 0, -3)          ()        4.0          2.0     0.666667
                     MS3/op71n06.mscx 4      2    1      3/4           #VII6           (13, 10, 9)          ()        4.0          0.0     1.000000
                                      5      3    2        0         ii%7/bV       (0, -3, -6, -2)          ()        3.0          1.0     0.750000
                                      22     6    5      3/4           #VII6            (12, 9, 8)          ()        4.0          0.0     1.000000
                                      23     7    6        0         ii%7/bV      (-1, -4, -7, -3)          ()        3.0          1.0     0.750000
                                      45    12   10        0        VII.iv6{            (-2, 2, 1)          ()        1.0          0.0     1.000000
                                      61    16   14      3/4      V/VII.iv6{            (-1, 3, 2)          ()        1.0          0.0     1.000000
                                      94    25   23      3/4           #VII6            (12, 9, 8)          ()        4.0          0.0     1.000000
                                      95    26   24        0         ii%7/bV      (-1, -4, -7, -3)          ()        3.0          1.0     0.750000
                                      111   29   27      3/4           #VII6            (11, 8, 7)          ()        4.0          0.0     1.000000
                                      112   30   28        0         ii%7/bV      (-2, -5, -8, -4)          ()        3.0          1.0     0.750000
                                      125   33   31      1/4            V(6)            (3, 7, -1)          ()        5.0          0.0     1.000000
                                      126   33   31      1/2           V(#7)             (3, 7, 4)        (8,)        2.0          0.0     1.000000
                                      128   34   32        0           V(94)             (3, 2, 4)       (-2,)        4.0          1.0     0.800000
                                      129   34   32      1/8               V             (3, 7, 4)          ()        2.0          0.0     1.000000
                                      130   34   32      1/4          i(64)}            (2, 1, -2)          ()        5.0          0.0     1.000000
                                      131   34   32      3/8            I(6)            (2, 6, -2)          ()        1.0          0.0     1.000000
                                      132   34   32      1/2           i|PAC            (2, -1, 3)          ()        2.0          0.0     1.000000
                     MS3/op71n07.mscx 46    47   46        0       V(+6)/bvi          (-6, -2, -5)      (-10,)        8.0          0.0     1.000000
                                      47    47   46      1/2       V(64)/bvi         (-6, -7, -10)          ()        6.0          0.0     1.000000
