23.11.2018 16:17: update_syntax_0.5.1.jl
CORRECTIONS
___________
22 1 vo7(6) @alt V65(b9)/VI => vo7(6)-V65(b9)/VI
30 1 viio7(b6) @alt V65(b9)/bI => viio7(b6)-V65(b9)/bI
34 1 #viio7(6) @alt V65(9) => #viio7(6)-V65(9)
38 1 #viio7(6)/V @alt V65(9)/V => #viio7(6)/V-V65(9)/V
46 1 "i(6) => i[i(6)
55 1 i(6)" => i(6)]
71 1 E. I => I.I
87 1 "I V2/V => I[V2/V
94 3 V2/V I" => V2/V]
95 1 "IV V2 => I[V2
102 3 V2 IV" => V2]
108 3 V7/bVII @alt IV(b7) => V7/bVII-IV(b7)
116 3 V7/bVII @alt IV(b7) => V7/bVII-IV(b7)
135 1 e. i(6) => i.i(6)
156 1 vo7(6) @alt V65(b9)/VI => vo7(6)-V65(b9)/VI
164 1 viio7(b6) @alt V65(b9)/bI => viio7(b6)-V65(b9)/bI
168 1 #viio7(6) @alt V65(9) => #viio7(6)-V65(9)
172 1 #viio7(6)/V @alt V65(9)/V => #viio7(6)/V-V65(9)/V
180 1 "i(6) => i[i(6)
189 1 i(6)" => i(6)]
