23.11.2018 16:17: update_syntax_0.5.1.jl
CORRECTIONS
___________
3 1 "v7(4) => v[v7(4)
4 2 V" => V]
9 1 "v => v[v
12 2 V" => V]
27 1 "v7(4) => v[v7(4)
28 2 V" => V]
47 3 D. "I => I.I[I
49 1 I" => I]
51 3 "I => I[I
53 1 I" => I]
55 3 "I => I[I
57 1 I" => I]
59 3 "I => I[I
61 1 I" => I]
71 3 Db. "I => bI.I[I
73 1 I" => I]
73 3 D. "I => I.I[I
75 1 I" => I]
89 3 Db. "I => bI.I[I
91 1 I" => I]
91 3 D. "I => I.I[I
93 1 I" => I]
99 3 d. i6 => i.i6
102 1 "v7(4) => v[v7(4)
103 2 V" => V]
108 1 "v => v[v
111 2 V" => V]
126 1 "v7(4) => v[v7(4)
127 2 V" => V]
