23.11.2018 16:17: update_syntax_0.5.1.jl
CORRECTIONS
___________
3 1 "V => V[V
4 2 V7" => V7]
7 1 "V => V[V
8 2 V7" => V7]
17 1 "V ii7 V" => V[ii7
20 1 "V ii7 => V[ii7
21 1 ii(9) V" => ii(9)]
23 1 "V #iv%7 => V[#iv%7
25 1 V(b9b64) @alt iv64(b6) @alt bVIM2 => V(b9b64)-iv64(b6)-bVIM2
31 1 V7" => V7]
52 1 "V => V[V
53 2 V7" => V7]
56 1 "V => V[V
57 2 V7" => V7]
66 1 "V ii7 V" => V[ii7
69 1 "V ii7 => V[ii7
70 1 ii(9) V" => ii(9)]
72 1 "V #iv%7 => V[#iv%7
74 1 V(b9b64) @alt iv64(b6) @alt bVIM2 => V(b9b64)-iv64(b6)-bVIM2
80 1 V7" => V7]
101 1 "V => V[V
102 1 v7" => v7]
107 1 "V => V[V
111 1 V7(6)" => V7(6)]
113 1 "I => I[I
116 4 V7(9) I" => V7(9)]
