23.11.2018 16:17: update_syntax_0.5.1.jl
CORRECTIONS
___________
28 1 E. "I(#4) => I.I[I(#4)
29 3 I" => I]
30 1 "V(#4) => V[V(#4)
31 1 V" => V]
32 1 "IV(4) => I[IV(4)
33 3 IV" => IV]
34 1 "I(#4) => I[I(#4)
35 1 I" => I]
44 1 "I(#4) => I[I(#4)
45 3 I" => I]
46 1 "V(#4) => V[V(#4)
47 1 V" => V]
48 1 "IV(4) => I[IV(4)
49 3 IV" => IV]
50 1 "I(#4) => I[I(#4)
51 1 I" => I]
60 1 "I(#4) => I[I(#4)
61 3 I" => I]
62 1 "V(#4) => V[V(#4)
63 1 V" => V]
64 1 "IV(4) => I[IV(4)
65 3 IV" => IV]
66 1 "I(#4) => I[I(#4)
67 1 I" => I]
69 1 e. iv7 => i.iv7
