23.11.2018 16:17: update_syntax_0.5.1.jl
CORRECTIONS
___________
1 1 "I => I[I
5 1 IM7(64) @alt V7(96) => IM7(64)-V7(96)
9 1 IM7(64) @alt V7(96) => IM7(64)-V7(96)
10 1 I" => I]
13 1 "V => V[V
14 1 V" => V]
17 1 "bVII => bV[bVII
18 1 bVII" => bVII]
27 1 "I => I[I
29 1 V43(96) I" => V43(96)]
30 1 "bVII => bV[bVII
33 1 V43(96)/bVII bVII" => V43(96)/bVII]
53 1 e. i => i.i
97 1 E. "I => I.I[I
101 1 IM7(64) @alt V7(96) => IM7(64)-V7(96)
105 1 IM7(64) @alt V7(96) => IM7(64)-V7(96)
106 1 I" => I]
109 1 "V => V[V
110 1 V" => V]
113 1 "bVII => bV[bVII
114 1 bVII" => bVII]
123 1 "I => I[I
125 1 V43(96) I" => V43(96)]
126 1 "bVII => bV[bVII
129 1 V43(96)/bVII bVII" => V43(96)/bVII]
