23.11.2018 16:17: update_syntax_0.5.1.jl
CORRECTIONS
___________
1 2 I6(7) @alt iii => I6(7)-iii
2 1 V(6) @alt iii6 => V(6)-iii6
3 3 viio6(9) @alt ii7 => viio6(9)-ii7
10 2 #IV @alt V/VII => #IV-V/VII
10 4 VII6 @alt V6/iii => VII6-V6/iii
13 2 I6(7) @alt iii => I6(7)-iii
14 1 V(6) @alt iii6 => V(6)-iii6
15 3 viio6(9) @alt ii7 => viio6(9)-ii7
22 2 #IV @alt V/VII => #IV-V/VII
22 4 VII6 @alt V6/iii => VII6-V6/iii
25 1 "V7(9) => V[V7(9)
31 1 bvii @alt v%7 V" => bvii-v%7]
38 2 I6(7) @alt iii => I6(7)-iii
39 1 V(6) @alt iii6 => V(6)-iii6
40 3 viio6(9)/IV @alt v7 => viio6(9)/IV-v7
47 2 VII @alt V/III => VII-V/III
47 4 III6 @alt V6/vi => III6-V6/vi
50 1 "V7(9) => V[V7(9)
56 1 bvii @alt v%7 V" => bvii-v%7]
63 2 I6(7) @alt iii => I6(7)-iii
64 1 V(6) @alt iii6 => V(6)-iii6
65 3 viio6(9)/IV @alt v7 => viio6(9)/IV-v7
72 2 VII @alt V/III => VII-V/III
72 4 III6 @alt V6/vi => III6-V6/vi
78 1 "I bII => I[bII
79 1 I" => I]
