23.11.2018 16:17: update_syntax_0.5.1.jl
CORRECTIONS
___________
3 1 "I => I[I
6 2 I(6) @alt vi65 => I(6)-vi65
10 2 I(6) @alt vi65 => I(6)-vi65
12 2 I"\\ => I]\\
13 2 "ii V/V => i[V/V
17 1 ii" => ii]
17 2 "vi V/ii => v[V/ii
20 1 II64 vi" => II64]
29 1 "ii V7/V => i[V7/V
36 1 V7/V ii" => V7/V]
37 1 "V7 => V[V7
45 1 V7" => V7]
61 1 "I IV64 => I[IV64
68 2 I"\\ => I]\\
69 1 "IV V7/IV => I[V7/IV
72 2 IV" => IV]
73 1 "I V7 => I[V7
76 2 I" => I]
77 1 "IV V7/IV => I[V7/IV
80 2 IV" => IV]
81 1 "I V7 => I[V7
84.1 2 I"\\ => I]\\
86 2 I" => I]
