23.11.2018 16:17: update_syntax_0.5.1.jl
CORRECTIONS
___________
5 1 "IM7 => I[IM7
7 1 IM7" => IM7]
8 1 "IM7 => I[IM7
8 1.5 V7 I" => V7]
13 1 "V(6) => V[V(6)
15 2 V2" => V2]
21 1 "IM7 => I[IM7
23 1 IM7" => IM7]
24 1 "IM7 => I[IM7
24 1.5 V7 I" => V7]
29 1 "V(6) => V[V(6)
31 2 V2" => V2]
33 1 g. "i => i.i[i
37 1 i" => i]
41 1 bb. "i => biii.i[i
45 1 i" => i]
49 1 iii @alt g. #iv => iii-i.#iv
51 1 "i V2/V => i[V2/V
66 2.5 #viio2 i" => #viio2]
71 1 G. I => I.I
75 1 "IM7 => I[IM7
77 1 IM7" => IM7]
78 1 "IM7 => I[IM7
78 1.5 V7 I" => V7]
83 1 "V(6) => V[V(6)
85 2 V2" => V2]
