23.11.2018 16:17: update_syntax_0.5.1.jl
CORRECTIONS
___________
1 1 "i5 # Quint-Orgelpunkt => i[i ? Quint-Orgelpunkt
10 1 V64 i" => V64]
28 1 III # enharmonisch notiert => III ? enharmonisch notiert
28 2 vi64 # enharmonisch notiert => vi64 ? enharmonisch notiert
30 1 "i64 # Quint-Orgelpunkt, mit Quinte im Bass => i[i64 ? Quint-Orgelpunkt, mit Quinte im Bass
40 1 i # ab hier Orgelpunkt ohne Quinte => i ? ab hier Orgelpunkt ohne Quinte
43 1 V2 @alt v2 => V2-v2
47 1 V64 @alt v64 => V64-v64
51 1 V2 @alt v2 => V2-v2
55 1 V64 @alt v64 i" => V64-v64]
57 1 "i => i[i
57 1.5 V @alt v i" => V-v]
59 1.5 V @alt v => V-v
60 1.5 V @alt v => V-v
61 1.5 V @alt v => V-v
62 1.5 V @alt v => V-v
63 1 "i => i[i
66 2.5 i" => i]
71 1 D. I => I.I
97 1 G. I => IV.I
124 1 d. "i5 # Quint-Orgelpunkt => i.i[i ? Quint-Orgelpunkt
133 1 V64 i" => V64]
151 1 III # enharmonisch notiert => III ? enharmonisch notiert
151 2 vi64 # enharmonisch notiert => vi64 ? enharmonisch notiert
153 1 "i64 # Quint-Orgelpunkt, mit Quinte im Bass => i[i64 ? Quint-Orgelpunkt, mit Quinte im Bass
163 1 i # ab hier Orgelpunkt ohne Quinte => i ? ab hier Orgelpunkt ohne Quinte
166 1 V2 @alt v2 => V2-v2
170 1 V64 @alt v64 => V64-v64
174 1 V2 @alt v2 => V2-v2
178 1 V64 @alt v64 i" => V64-v64]
180 1 "i => i[i
180 1.5 V @alt v i" => V-v]
182 1.5 V @alt v => V-v
183 1.5 V @alt v => V-v
184 1.5 V @alt v => V-v
185 1.5 V @alt v => V-v
186 1 "i => i[i
189 2.5 i" => i]
