23.11.2018 16:17: update_syntax_0.5.1.jl
CORRECTIONS
___________
1 1 "I @alt i => I[I-i
1 4 IM7 @alt iM7 => IM7-iM7
5 4 I(6)" => I(6)]
6 1 "V => V[V
8 1 V" => V]
9 1 "I => I[I
13 4 I(6)" => I(6)]
14 1 "V => V[V
16 1 V" => V]
27 1 "V => V[V
28 1 "V => V[V
29 4 V7" => V7]
69 4 iv7 @alt bII(b9) => iv7-bII(b9)
70 4 iv7 @alt bII65(b9) => iv7-bII65(b9)
71 4 iv7 @alt bII(b9) => iv7-bII(b9)
72 4 iv7 @alt bII65(b9) => iv7-bII65(b9)
80 1 "I => I[I
84 1 I" => I]
94 1 "V => V[V
95 1 "V => V[V
96 4 V7" => V7]
136 4 iv7 @alt bII(b9) => iv7-bII(b9)
137 4 iv7 @alt bII65(b9) => iv7-bII65(b9)
138 4 iv7 @alt bII(b9) => iv7-bII(b9)
139 4 iv7 @alt bII65(b9) => iv7-bII65(b9)
147 1 "I => I[I
151 1 I" => I]
153 4 "I IVM43 => I[IVM43
155 1 I" => I]
