23.11.2018 16:17: update_syntax_0.5.1.jl
CORRECTIONS
___________
6 2 v(94) @alt #vi%2 => v(94)-#vi%2
7 2 v(b94) @alt VIM2 => v(b94)-VIM2
17 2 "V => V[V
29 3 V" => V]
38 2 v(94) @alt #vi%2 => v(94)-#vi%2
39 2 v(b94) @alt VIM2 => v(b94)-VIM2
50 3 "i => i[i
50 3.5 V64 i" => V64]
51 2 "i => i[i
51 2.5 V64 i" => V64]
52 1 "i%7 => i[i%7
57 1 Ger6 i" => Ger6]
59 1 D. "I5 # überwiegend Quint-Orgelpunkt => I.I[I ? überwiegend Quint-Orgelpunkt
80 1 IM7" => IM7]
88 1 "I => I[I
92 1 IM7" => IM7]
100 1 "I\\ => I[I\\
105 1 I" => I]
108 2 d. i64 => i.i64
112 2 v(94) @alt #vi%2 => v(94)-#vi%2
113 2 v(b94) @alt VIM2 => v(b94)-VIM2
123 2 "V => V[V
135 3 V" => V]
144 2 v(94) @alt #vi%2 => v(94)-#vi%2
145 2 v(b94) @alt VIM2 => v(b94)-VIM2
156 3 "i => i[i
156 3.5 V64 i" => V64]
157 2 "i => i[i
157 2.5 V64 i" => V64]
158 1 "i%7 => i[i%7
166 1 I(9)" => I(9)]
