23.11.2018 16:17: update_syntax_0.5.1.jl
CORRECTIONS
___________
1 1 I5 # Quintklang => I ? Quintklang
21 1 "V => V[V
22 4 vi V" => vi]
26 1 "bVII(9) => bV[bVII(9)
27 4 i bVII" => i]
31 1 "bII(9) => bI[bII(9)
40 1 V7(94)/bII bII" => V7(94)/bII]
57 1 G. "I => IV.I[I
63 1 IM7(6)" => IM7(6)]
91 1 "I(9) => I[I(9)
95 1 IM7(6)" => IM7(6)]
107 1 D. I => I.I
127 1 "V => V[V
128 4 vi V" => vi]
132 1 "bVII(9) => bV[bVII(9)
133 4 i bVII" => i]
137 1 "bII(9) => bI[bII(9)
146 1 V7(94)/bII bII" => V7(94)/bII]
163 1 "I5 V43(9)/IV # Quint-Orgelpunkt, mit Quinte im Bass => I[V43(9)/IV ? Quint-Orgelpunkt, mit Quinte im Bass
173 4 IV64 I64" => IV64]
